<?xml version="1.0" encoding="UTF-8"?>
<testsuite xmlns:xsi="http://www.w3.org/2001/XMLSchema-instance" xsi:noNamespaceSchemaLocation="https://maven.apache.org/surefire/maven-surefire-plugin/xsd/surefire-test-report-3.0.xsd" version="3.0" name="com.humanitarian.analyzer.DamageClassificationAnalyzerTest" time="0.292" tests="3" errors="0" skipped="0" failures="0">
  <properties>
[...]
</properties>
  <testcase name="ignoresNegatedDamageKeywords" classname="com.humanitarian.analyzer.DamageClassificationAnalyzerTest" time="0.256">
    <system-out><![CDATA[14:44:02.786 [main] INFO  com.humanitarian.config.AppConfig - Đã tải cấu hình ứng dụng thành công
]]></system-out>
  </testcase>
  <testcase name="doesNotTreatKhongChiAsNegation" classname="com.humanitarian.analyzer.DamageClassificationAnalyzerTest" time="0.005"/>
  <testcase name="acceptsAffirmedKeywordAfterNegatedOccurrence" classname="com.humanitarian.analyzer.DamageClassificationAnalyzerTest" time="0.004"/>
</testsuite>